#
# A fatal error has been detected by the Java Runtime Environment:
#
#  EXCEPTION_ACCESS_VIOLATION (0xc0000005) at pc=0x000000006ea3a3c5, pid=860, tid=7084
#
# JRE version: Java(TM) SE Runtime Environment (8.0_25-b18) (build 1.8.0_25-b18)
# Java VM: Java HotSpot(TM) 64-Bit Server VM (25.25-b02 mixed mode windows-amd64 compressed oops)
# Problematic frame:
# V  [jvm.dll+0x11a3c5]
#
# Failed to write core dump. Minidumps are not enabled by default on client versions of Windows
#
# If you would like to submit a bug report, please visit:
#   http://bugreport.sun.com/bugreport/crash.jsp
#

---------------  T H R E A D  ---------------

Current thread (0x00000000196c8000):  JavaThread "JDWP Transport Listener: dt_socket" daemon [_thread_in_vm, id=7084, stack(0x0000000019f70000,0x000000001a070000)]

siginfo: ExceptionCode=0xc0000005, reading address 0xffffffffffffffff

Registers:
RAX=0x000000001a06f301, RBX=0x00000000196c8000, RCX=0x003b74003b746e65, RDX=0x0000000000000000
RSP=0x000000001a06f2d0, RBP=0x003b74003b746e65, RSI=0x000000001a06f3e8, RDI=0x0000000000cd9860
R8 =0x00000000196c8000, R9 =0x0000000000008000, R10=0x0000000000000000, R11=0x00000000197822f5
R12=0x0000000000000000, R13=0x00000000196c8f38, R14=0x0000000000000000, R15=0x0000000000000000
RIP=0x000000006ea3a3c5, EFLAGS=0x0000000000010206

Top of Stack: (sp=0x000000001a06f2d0)
0x000000001a06f2d0:   00000000196c8000 00000000196c8000
0x000000001a06f2e0:   000000001a06f398 000000006ec378db
0x000000001a06f2f0:   00000000196c8000 000000006ec5413d
0x000000001a06f300:   0000000000000000 000000006fb39149
0x000000001a06f310:   00000000197849e8 000000006fb42912
0x000000001a06f320:   00000000196c8000 0000000000000000
0x000000001a06f330:   0000000000000000 0000000000000000
0x000000001a06f340:   003b74003b746e65 000000006fb41a09
0x000000001a06f350:   000000001a06f3e8 000000001a06f3c0
0x000000001a06f360:   0000000000000001 00000000197849e8
0x000000001a06f370:   003b74003b746e65 000000006fb253b3
0x000000001a06f380:   000000001a06f4b0 0000000000000001
0x000000001a06f390:   0000000000000001 00000000197849e8
0x000000001a06f3a0:   000000000000000a 0000000000000000
0x000000001a06f3b0:   0000000000000000 0000000000000000
0x000000001a06f3c0:   0000000000000001 000000006fb25571 

Instructions: (pc=0x000000006ea3a3c5)
0x000000006ea3a3a5:   cc cc cc cc cc cc cc cc cc cc cc 48 83 ec 28 48
0x000000006ea3a3b5:   85 c9 75 07 33 c0 48 83 c4 28 c3 48 89 5c 24 20
0x000000006ea3a3c5:   48 8b 19 48 85 db 74 20 48 83 fb 37 74 1a 48 8b
0x000000006ea3a3d5:   13 48 8b cb ff 52 10 84 c0 74 0d 48 8b c3 48 8b 


Register to memory mapping:

RAX=0x000000001a06f301 is pointing into the stack for thread: 0x00000000196c8000
RBX=0x00000000196c8000 is a thread
RCX=0x003b74003b746e65 is an unknown value
RDX=0x0000000000000000 is an unknown value
RSP=0x000000001a06f2d0 is pointing into the stack for thread: 0x00000000196c8000
RBP=0x003b74003b746e65 is an unknown value
RSI=0x000000001a06f3e8 is pointing into the stack for thread: 0x00000000196c8000
RDI=0x0000000000cd9860 is an unknown value
R8 =0x00000000196c8000 is a thread
R9 =0x0000000000008000 is an unknown value
R10=0x0000000000000000 is an unknown value
R11=0x00000000197822f5 is an unknown value
R12=0x0000000000000000 is an unknown value
R13=0x00000000196c8f38 is an unknown value
R14=0x0000000000000000 is an unknown value
R15=0x0000000000000000 is an unknown value


Stack: [0x0000000019f70000,0x000000001a070000],  sp=0x000000001a06f2d0,  free space=1020k
Native frames: (J=compiled Java code, j=interpreted, Vv=VM code, C=native code)
V  [jvm.dll+0x11a3c5]
V  [jvm.dll+0x33413d]
C  [jdwp.dll+0x21a09]
C  [jdwp.dll+0x53b3]
C  [jdwp.dll+0x5571]
C  [jdwp.dll+0xf09c]
C  [jdwp.dll+0x1f2c9]
C  [jdwp.dll+0x1f49e]
V  [jvm.dll+0x1abba8]
V  [jvm.dll+0x22bde4]
V  [jvm.dll+0x2852fa]
C  [msvcr100.dll+0x21d9f]
C  [msvcr100.dll+0x21e3b]
C  [KERNEL32.DLL+0x16ad]
C  [ntdll.dll+0x54409]


---------------  P R O C E S S  ---------------

Java Threads: ( => current thread )
  0x0000000019761000 JavaThread "Service Thread" daemon [_thread_blocked, id=7592, stack(0x000000001a670000,0x000000001a770000)]
  0x00000000196eb000 JavaThread "C1 CompilerThread3" daemon [_thread_blocked, id=5348, stack(0x000000001a570000,0x000000001a670000)]
  0x00000000196e9000 JavaThread "C2 CompilerThread2" daemon [_thread_blocked, id=348, stack(0x000000001a470000,0x000000001a570000)]
  0x00000000196e6800 JavaThread "C2 CompilerThread1" daemon [_thread_blocked, id=3276, stack(0x000000001a370000,0x000000001a470000)]
  0x00000000196df800 JavaThread "C2 CompilerThread0" daemon [_thread_blocked, id=980, stack(0x000000001a270000,0x000000001a370000)]
  0x00000000196db800 JavaThread "JDWP Command Reader" daemon [_thread_in_native, id=6424, stack(0x000000001a170000,0x000000001a270000)]
  0x00000000196cb000 JavaThread "JDWP Event Helper Thread" daemon [_thread_blocked, id=5496, stack(0x000000001a070000,0x000000001a170000)]
=>0x00000000196c8000 JavaThread "JDWP Transport Listener: dt_socket" daemon [_thread_in_vm, id=7084, stack(0x0000000019f70000,0x000000001a070000)]
  0x00000000196b7000 JavaThread "Attach Listener" daemon [_thread_blocked, id=3472, stack(0x0000000019b90000,0x0000000019c90000)]
  0x00000000196b6000 JavaThread "Signal Dispatcher" daemon [_thread_blocked, id=5236, stack(0x0000000019a90000,0x0000000019b90000)]
  0x0000000002727000 JavaThread "Finalizer" daemon [_thread_blocked, id=4452, stack(0x0000000019590000,0x0000000019690000)]
  0x00000000176ac800 JavaThread "Reference Handler" daemon [_thread_blocked, id=3052, stack(0x0000000019490000,0x0000000019590000)]
  0x0000000000cde000 JavaThread "main" [_thread_blocked, id=5756, stack(0x0000000002530000,0x0000000002630000)]

Other Threads:
  0x00000000176a8000 VMThread [stack: 0x0000000019390000,0x0000000019490000] [id=1292]
  0x000000001977c000 WatcherThread [stack: 0x000000001a770000,0x000000001a870000] [id=3892]

VM state:not at safepoint (normal execution)

VM Mutex/Monitor currently owned by a thread: None

Heap:
 PSYoungGen      total 38400K, used 2662K [0x00000000d5f00000, 0x00000000d8980000, 0x0000000100000000)
  eden space 33280K, 8% used [0x00000000d5f00000,0x00000000d6199a68,0x00000000d7f80000)
  from space 5120K, 0% used [0x00000000d8480000,0x00000000d8480000,0x00000000d8980000)
  to   space 5120K, 0% used [0x00000000d7f80000,0x00000000d7f80000,0x00000000d8480000)
 ParOldGen       total 87552K, used 0K [0x0000000081c00000, 0x0000000087180000, 0x00000000d5f00000)
  object space 87552K, 0% used [0x0000000081c00000,0x0000000081c00000,0x0000000087180000)
 Metaspace       used 2478K, capacity 4568K, committed 4864K, reserved 1056768K
  class space    used 274K, capacity 392K, committed 512K, reserved 1048576K

Card table byte_map: [0x0000000011af0000,0x0000000011ef0000] byte_map_base: 0x00000000116e2000

Marking Bits: (ParMarkBitMap*) 0x000000006f0fd490
 Begin Bits: [0x00000000129a0000, 0x0000000014930000)
 End Bits:   [0x0000000014930000, 0x00000000168c0000)

Polling page: 0x0000000000cc0000

CodeCache: size=245760Kb used=1101Kb max_used=1101Kb free=244658Kb
 bounds [0x0000000002730000, 0x00000000029a0000, 0x0000000011730000]
 total_blobs=249 nmethods=31 adapters=141
 compilation: enabled

Compilation events (10 events):
Event: 0.262 Thread 0x00000000196eb000   27       3       java.lang.String::indexOf (166 bytes)
Event: 0.263 Thread 0x00000000196eb000 nmethod 27 0x0000000002841c10 code [0x0000000002841dc0, 0x0000000002842410]
Event: 0.264 Thread 0x00000000196eb000   28       1       java.util.ArrayList::size (5 bytes)
Event: 0.264 Thread 0x00000000196eb000 nmethod 28 0x0000000002842810 code [0x0000000002842960, 0x0000000002842a70]
Event: 0.267 Thread 0x00000000196eb000   29       3       sun.nio.cs.SingleByte$Encoder::encode (32 bytes)
Event: 0.267 Thread 0x00000000196eb000 nmethod 29 0x0000000002842ad0 code [0x0000000002842c40, 0x0000000002842e50]
Event: 0.267 Thread 0x00000000196eb000   30       3       java.lang.String::getChars (62 bytes)
Event: 0.268 Thread 0x00000000196eb000 nmethod 30 0x0000000002842f90 code [0x0000000002843160, 0x0000000002843618]
Event: 0.268 Thread 0x00000000196eb000   31       1       java.nio.Buffer::position (5 bytes)
Event: 0.268 Thread 0x00000000196eb000 nmethod 31 0x00000000028438d0 code [0x0000000002843a20, 0x0000000002843b30]

GC Heap History (0 events):
No events

Deoptimization events (0 events):
No events

Internal exceptions (10 events):
Event: 0.077 Thread 0x0000000000cde000 Exception <a 'java/lang/NoSuchMethodError': Method sun.misc.Unsafe.defineClass(Ljava/lang/String;[BII)Ljava/lang/Class; name or signature does not match> (0x00000000d5f0c9a0) thrown at [D:\re\workspace\8-2-build-windows-amd64-cygwin\jdk8u25\1677\hotspot\sr™Å©ø-∆≥?
Event: 0.077 Thread 0x0000000000cde000 Exception <a 'java/lang/NoSuchMethodError': Method sun.misc.Unsafe.prefetchRead(Ljava/lang/Object;J)V name or signature does not match> (0x00000000d5f0cc30) thrown at [D:\re\workspace\8-2-build-windows-amd64-cygwin\jdk8u25\1677\hotspot\src\share\vm\prims\jºf“Ω„Œ?
Event: 0.241 Thread 0x0000000000cde000 Exception <a 'java/security/PrivilegedActionException'> (0x00000000d5f62f08) thrown at [D:\re\workspace\8-2-build-windows-amd64-cygwin\jdk8u25\1677\hotspot\src\share\vm\prims\jvm.cpp, line 1312]
Event: 0.254 Thread 0x0000000000cde000 Exception <a 'java/security/PrivilegedActionException'> (0x00000000d5f6bf30) thrown at [D:\re\workspace\8-2-build-windows-amd64-cygwin\jdk8u25\1677\hotspot\src\share\vm\prims\jvm.cpp, line 1312]
Event: 0.255 Thread 0x0000000000cde000 Exception <a 'java/security/PrivilegedActionException'> (0x00000000d5f6dd10) thrown at [D:\re\workspace\8-2-build-windows-amd64-cygwin\jdk8u25\1677\hotspot\src\share\vm\prims\jvm.cpp, line 1312]
Event: 0.257 Thread 0x0000000000cde000 Exception <a 'java/security/PrivilegedActionException'> (0x00000000d5f6fe48) thrown at [D:\re\workspace\8-2-build-windows-amd64-cygwin\jdk8u25\1677\hotspot\src\share\vm\prims\jvm.cpp, line 1312]
Event: 0.259 Thread 0x0000000000cde000 Exception <a 'java/security/PrivilegedActionException'> (0x00000000d5f73350) thrown at [D:\re\workspace\8-2-build-windows-amd64-cygwin\jdk8u25\1677\hotspot\src\share\vm\prims\jvm.cpp, line 1312]
Event: 0.260 Thread 0x0000000000cde000 Exception <a 'java/security/PrivilegedActionException'> (0x00000000d5f74be8) thrown at [D:\re\workspace\8-2-build-windows-amd64-cygwin\jdk8u25\1677\hotspot\src\share\vm\prims\jvm.cpp, line 1312]
Event: 0.262 Thread 0x0000000000cde000 Exception <a 'java/security/PrivilegedActionException'> (0x00000000d5f76e10) thrown at [D:\re\workspace\8-2-build-windows-amd64-cygwin\jdk8u25\1677\hotspot\src\share\vm\prims\jvm.cpp, line 1312]
Event: 0.264 Thread 0x0000000000cde000 Exception <a 'java/security/PrivilegedActionException'> (0x00000000d5f794d8) thrown at [D:\re\workspace\8-2-build-windows-amd64-cygwin\jdk8u25\1677\hotspot\src\share\vm\prims\jvm.cpp, line 1312]

Events (10 events):
Event: 751.752 Executing VM operation: GetCurrentLocation
Event: 751.752 Executing VM operation: GetCurrentLocation done
Event: 751.752 Executing VM operation: EnterInterpOnlyMode
Event: 751.752 Executing VM operation: EnterInterpOnlyMode done
Event: 751.753 Executing VM operation: ChangeSingleStep
Event: 751.753 Executing VM operation: ChangeSingleStep done
Event: 751.753 Executing VM operation: ChangeSingleStep
Event: 751.753 Executing VM operation: ChangeSingleStep done
Event: 751.754 Executing VM operation: RedefineClasses
Event: 751.754 Executing VM operation: RedefineClasses done


Dynamic libraries:
0x00007ff613230000 - 0x00007ff613264000 	C:\Program Files\Java\jre1.8.0_25\bin\javaw.exe
0x00007fff3ef30000 - 0x00007fff3f0d6000 	C:\WINDOWS\SYSTEM32\ntdll.dll
0x00007fff3cd20000 - 0x00007fff3ce5a000 	C:\WINDOWS\system32\KERNEL32.DLL
0x00007fff3c4c0000 - 0x00007fff3c5cf000 	C:\WINDOWS\system32\KERNELBASE.dll
0x00007fff3aeb0000 - 0x00007fff3af38000 	C:\WINDOWS\system32\apphelp.dll
0x00007fff2ff70000 - 0x00007fff2ffbf000 	C:\WINDOWS\AppPatch\AppPatch64\AcGenral.DLL
0x00007fff3ca50000 - 0x00007fff3caf7000 	C:\WINDOWS\system32\msvcrt.dll
0x00007fff3c080000 - 0x00007fff3c0ab000 	C:\WINDOWS\SYSTEM32\SspiCli.dll
0x00007fff3ed60000 - 0x00007fff3edb1000 	C:\WINDOWS\system32\SHLWAPI.dll
0x00007fff3e5f0000 - 0x00007fff3e761000 	C:\WINDOWS\system32\USER32.dll
0x00007fff3cba0000 - 0x00007fff3cd18000 	C:\WINDOWS\system32\ole32.dll
0x00007fff3d1e0000 - 0x00007fff3e5ef000 	C:\WINDOWS\system32\SHELL32.dll
0x00007fff3b890000 - 0x00007fff3b8ae000 	C:\WINDOWS\SYSTEM32\USERENV.dll
0x00007fff3ead0000 - 0x00007fff3eb75000 	C:\WINDOWS\system32\ADVAPI32.dll
0x00007fff38920000 - 0x00007fff3893b000 	C:\WINDOWS\SYSTEM32\MPR.dll
0x00007fff3edf0000 - 0x00007fff3ef27000 	C:\WINDOWS\system32\RPCRT4.dll
0x00007fff3e850000 - 0x00007fff3e8a7000 	C:\WINDOWS\SYSTEM32\sechost.dll
0x00007fff3eb80000 - 0x00007fff3ed56000 	C:\WINDOWS\SYSTEM32\combase.dll
0x00007fff3e980000 - 0x00007fff3eac4000 	C:\WINDOWS\system32\GDI32.dll
0x00007fff3c2a0000 - 0x00007fff3c2b4000 	C:\WINDOWS\SYSTEM32\profapi.dll
0x00007fff3a710000 - 0x00007fff3a7af000 	C:\WINDOWS\SYSTEM32\SHCORE.dll
0x00007fff3cb60000 - 0x00007fff3cb94000 	C:\WINDOWS\system32\IMM32.DLL
0x00007fff3d0a0000 - 0x00007fff3d1d9000 	C:\WINDOWS\system32\MSCTF.dll
0x00007fff38d30000 - 0x00007fff38f8a000 	C:\WINDOWS\WinSxS\amd64_microsoft.windows.common-controls_6595b64144ccf1df_6.0.9600.17031_none_6242a4b3ecbb55a1\COMCTL32.dll
0x000000006e760000 - 0x000000006e832000 	C:\Program Files\Java\jre1.8.0_25\bin\msvcr100.dll
0x000000006e920000 - 0x000000006f17a000 	C:\Program Files\Java\jre1.8.0_25\bin\server\jvm.dll
0x00007fff340e0000 - 0x00007fff340e9000 	C:\WINDOWS\SYSTEM32\WSOCK32.dll
0x00007fff31100000 - 0x00007fff3111f000 	C:\WINDOWS\SYSTEM32\WINMM.dll
0x00007fff3e790000 - 0x00007fff3e797000 	C:\WINDOWS\system32\PSAPI.DLL
0x00007fff3d040000 - 0x00007fff3d098000 	C:\WINDOWS\system32\WS2_32.dll
0x00007fff310d0000 - 0x00007fff310fa000 	C:\WINDOWS\SYSTEM32\WINMMBASE.dll
0x00007fff3ede0000 - 0x00007fff3ede9000 	C:\WINDOWS\system32\NSI.dll
0x00007fff3c370000 - 0x00007fff3c3ba000 	C:\WINDOWS\SYSTEM32\cfgmgr32.dll
0x00007fff3b130000 - 0x00007fff3b156000 	C:\WINDOWS\SYSTEM32\DEVOBJ.dll
0x000000006fd00000 - 0x000000006fd0f000 	C:\Program Files\Java\jre1.8.0_25\bin\verify.dll
0x000000006fcd0000 - 0x000000006fcf8000 	C:\Program Files\Java\jre1.8.0_25\bin\java.dll
0x000000006fb20000 - 0x000000006fb55000 	C:\Program Files\Java\jre1.8.0_25\bin\jdwp.dll
0x000000006fb10000 - 0x000000006fb18000 	C:\Program Files\Java\jre1.8.0_25\bin\npt.dll
0x000000006fcb0000 - 0x000000006fcc6000 	C:\Program Files\Java\jre1.8.0_25\bin\zip.dll
0x000000006fb00000 - 0x000000006fb09000 	C:\Program Files\Java\jre1.8.0_25\bin\dt_socket.dll
0x00007fff30400000 - 0x00007fff30414000 	C:\WINDOWS\system32\napinsp.dll
0x00007fff29930000 - 0x00007fff29949000 	C:\WINDOWS\system32\pnrpnsp.dll
0x00007fff386a0000 - 0x00007fff386b9000 	C:\WINDOWS\system32\NLAapi.dll
0x00007fff3bae0000 - 0x00007fff3bb38000 	C:\WINDOWS\System32\mswsock.dll
0x00007fff3b8f0000 - 0x00007fff3b993000 	C:\WINDOWS\SYSTEM32\DNSAPI.dll
0x00007fff34150000 - 0x00007fff3415c000 	C:\WINDOWS\System32\winrnr.dll
0x00007fff367c0000 - 0x00007fff36828000 	C:\WINDOWS\System32\fwpuclnt.dll
0x00007fff33c70000 - 0x00007fff33c79000 	C:\Windows\System32\rasadhlp.dll
0x00007fff384c0000 - 0x00007fff38648000 	C:\WINDOWS\SYSTEM32\dbghelp.dll

VM Arguments:
jvm_args: -agentlib:jdwp=transport=dt_socket,suspend=y,address=localhost:64039 -Dfile.encoding=Cp1252 
java_command: fp.grados.tipos.test.TestGrado
java_class_path (initial): C:\Users\Mario Sanchez\workspace\FP1415-marsanrod23-E1.0\bin;C:\eclipse\plugins\org.junit_4.11.0.v201303080030\junit.jar;C:\eclipse\plugins\org.hamcrest.core_1.3.0.v201303031735.jar;C:\Users\Mario Sanchez\workspace\FP1415-marsanrod23-E1.0\lib\guava-16.0.1 (3).jar;C:\Users\Mario Sanchez\workspace\FP1415-marsanrod23-E1.0\lib\helpers-1.0.2.jar;C:\Users\Mario Sanchez\workspace\FP1415-marsanrod23-E1.0\lib\testsE1-1.0.7.jar
Launcher Type: SUN_STANDARD

Environment Variables:
PATH=C:/Program Files/Java/jre1.8.0_25/bin/server;C:/Program Files/Java/jre1.8.0_25/bin;C:/Program Files/Java/jre1.8.0_25/lib/amd64;C:\ProgramData\Oracle\Java\javapath;C:\Program Files (x86)\Intel\iCLS Client\;C:\Program Files\Intel\iCLS Client\;C:\WINDOWS\system32;C:\WINDOWS;C:\WINDOWS\System32\Wbem;C:\WINDOWS\System32\WindowsPowerShell\v1.0\;C:\Program Files (x86)\Windows Live\Shared;C:\Program Files\Intel\Intel(R) Management Engine Components\DAL;C:\Program Files\Intel\Intel(R) Management Engine Components\IPT;C:\Program Files (x86)\Intel\Intel(R) Management Engine Components\DAL;C:\Program Files (x86)\Intel\Intel(R) Management Engine Components\IPT;C:\Program Files (x86)\Intel\OpenCL SDK\2.0\bin\x86;C:\Program Files (x86)\Intel\OpenCL SDK\2.0\bin\x64;C:\Program Files\MATLAB\R2013a\runtime\win64;C:\Program Files\MATLAB\R2013a\bin;C:\Program Files\MinGW\bin;C:\Program Files\Java\jre7\lib;C:\Program Files\TortoiseSVN\bin;;C:\Program Files (x86)\DebugPAS;C:\Program Files (x86)\Java\jdk1.8.0_25;C:\eclipse;
USERNAME=Mario Sanchez
OS=Windows_NT
PROCESSOR_IDENTIFIER=Intel64 Family 6 Model 58 Stepping 9, GenuineIntel



---------------  S Y S T E M  ---------------

OS: Windows 8.1 , 64 bit Build 9600 

CPU:total 8 (4 cores per cpu, 2 threads per core) family 6 model 58 stepping 9, cmov, cx8, fxsr, mmx, sse, sse2, sse3, ssse3, sse4.1, sse4.2, popcnt, avx, aes, clmul, erms, ht, tsc, tscinvbit, tscinv

Memory: 4k page, physical 8271400k(5637032k free), swap 9582120k(6372580k free)

vm_info: Java HotSpot(TM) 64-Bit Server VM (25.25-b02) for windows-amd64 JRE (1.8.0_25-b18), built on Oct  7 2014 14:25:37 by "java_re" with MS VC++ 10.0 (VS2010)

time: Sun Dec 28 16:05:40 2014
elapsed time: 751 seconds (0d 0h 12m 31s)

